<?xml version="1.0" encoding="UTF-8"?>
<testng-results skipped="0" failed="0" ignored="0" total="2" passed="2">
  <reporter-output>
  </reporter-output>
  <suite name="All Test Suite" duration-ms="82366" started-at="2019-11-04T17:59:38 ART" finished-at="2019-11-04T18:01:01 ART">
    <groups>
      <group name="cucumber">
        <method signature="AbstractTestNGCucumberTests.feature(cucumber.api.testng.CucumberFeatureWrapper)[pri:0, instance:Runners.Main_Runner@71318ec4]" name="feature" class="cucumber.api.testng.AbstractTestNGCucumberTests"/>
      </group> <!-- cucumber -->
    </groups>
    <test name="Section50_lecture133" duration-ms="82366" started-at="2019-11-04T17:59:38 ART" finished-at="2019-11-04T18:01:01 ART">
      <class name="Runners.Main_Runner">
        <test-method status="PASS" signature="setUpClass()[pri:0, instance:Runners.Main_Runner@71318ec4]" name="setUpClass" is-config="true" duration-ms="188" started-at="2019-11-04T17:59:38 ART" finished-at="2019-11-04T17:59:38 ART">
          <reporter-output>
          </reporter-output>
        </test-method> <!-- setUpClass -->
        <test-method status="PASS" signature="feature(cucumber.api.testng.CucumberFeatureWrapper)[pri:0, instance:Runners.Main_Runner@71318ec4]" name="feature" duration-ms="14654" started-at="2019-11-04T17:59:38 ART" description="Runs Cucumber Feature" data-provider="features" finished-at="2019-11-04T17:59:53 ART">
          <params>
            <param index="0">
              <value>
                <![CDATA[Submit data to webdriveruniversity.com using contact us form]]>
              </value>
            </param>
          </params>
          <reporter-output>
          </reporter-output>
        </test-method> <!-- feature -->
        <test-method status="PASS" signature="feature(cucumber.api.testng.CucumberFeatureWrapper)[pri:0, instance:Runners.Main_Runner@71318ec4]" name="feature" duration-ms="67016" started-at="2019-11-04T17:59:53 ART" description="Runs Cucumber Feature" data-provider="features" finished-at="2019-11-04T18:01:00 ART">
          <params>
            <param index="0">
              <value>
                <![CDATA[Products]]>
              </value>
            </param>
          </params>
          <reporter-output>
          </reporter-output>
        </test-method> <!-- feature -->
        <test-method status="PASS" signature="tearDownClass()[pri:0, instance:Runners.Main_Runner@71318ec4]" name="tearDownClass" is-config="true" duration-ms="421" started-at="2019-11-04T18:01:00 ART" finished-at="2019-11-04T18:01:01 ART">
          <reporter-output>
          </reporter-output>
        </test-method> <!-- tearDownClass -->
      </class> <!-- Runners.Main_Runner -->
    </test> <!-- Section50_lecture133 -->
  </suite> <!-- All Test Suite -->
</testng-results>
