<?xml version="1.0" encoding="UTF-8"?>
<!-- Generated by org.testng.reporters.JUnitXMLReporter -->
<testsuite hostname="lmedina1" ignored="0" name="Section50_lecture133" tests="2" failures="0" timestamp="2019-11-04T18:01:01 ART" time="82.366" errors="0">
  <testcase name="feature" time="14.654" classname="cucumber.api.testng.AbstractTestNGCucumberTests"/>
  <testcase name="feature" time="67.016" classname="cucumber.api.testng.AbstractTestNGCucumberTests"/>
</testsuite> <!-- Section50_lecture133 -->
